<!DOCTYPE html PUBLIC "-//W3C//DTD XHTML 1.1//EN" "http://www.w3.org/TR/xhtml11/DTD/xhtml11.dtd">
<html xmlns="http://www.w3.org/1999/xhtml"><head><title>TestNG Report</title><style type="text/css">table {margin-bottom:10px;border-collapse:collapse;empty-cells:show}th,td {border:1px solid #009;padding:.25em .5em}th {vertical-align:bottom}td {vertical-align:top}table a {font-weight:bold}.stripe td {background-color: #E6EBF9}.num {text-align:right}.passedodd td {background-color: #3F3}.passedeven td {background-color: #0A0}.skippedodd td {background-color: #DDD}.skippedeven td {background-color: #CCC}.failedodd td,.attn {background-color: #F33}.failedeven td,.stripe .attn {background-color: #D00}.stacktrace {white-space:pre;font-family:monospace}.totop {font-size:85%;text-align:center;border-bottom:2px solid #000}</style></head><body><table><tr><th>Test</th><th># Passed</th><th># Skipped</th><th># Failed</th><th>Time (ms)</th><th>Included Groups</th><th>Excluded Groups</th></tr><tr><th colspan="7">Suite</th></tr><tr><td><a href="#t0">Test - 1</a></td><td class="num">0</td><td class="num">0</td><td class="num attn">4</td><td class="num">542,781</td><td></td><td></td></tr></table><table><thead><tr><th>Class</th><th>Method</th><th>Start</th><th>Time (ms)</th></tr></thead><tbody><tr><th colspan="4">Suite</th></tr></tbody><tbody id="t0"><tr><th colspan="4">Test - 1 &#8212; failed</th></tr><tr class="failedeven"><td rowspan="1">com.cucumber.framework.runner.LaptopFeatureRunner</td><td><a href="#m0">feature</a></td><td rowspan="1">1520963951704</td><td rowspan="1">50211</td></tr><tr class="failedodd"><td rowspan="1">com.cucumber.framework.runner.SearchFeatureRunner</td><td><a href="#m1">feature</a></td><td rowspan="1">1520963608104</td><td rowspan="1">339624</td></tr><tr class="failedeven"><td rowspan="1">com.cucumber.framework.runner.SearchWithFilterRunner</td><td><a href="#m2">feature</a></td><td rowspan="1">1520964028358</td><td rowspan="1">114784</td></tr><tr class="failedodd"><td rowspan="1">com.cucumber.framework.runner.TabletFeatureRunner</td><td><a href="#m3">feature</a></td><td rowspan="1">1520964002118</td><td rowspan="1">25774</td></tr></tbody></table><h2>Test - 1</h2><h3 id="m0">com.cucumber.framework.runner.LaptopFeatureRunner#feature</h3><table class="result"><tr class="param"><th>Parameter #1</th></tr><tr class="param stripe"><td>Adding a laptop to the Cart</td></tr><tr><th>Exception</th></tr><tr><td><div class="stacktrace">cucumber.runtime.CucumberException: org.openqa.selenium.SessionNotCreatedException: session not created exception
from unknown error: Runtime.executionContextCreated has invalid &apos;context&apos;: {&quot;auxData&quot;:{&quot;frameId&quot;:&quot;(46BF039A1906B29B7506AC2DB9B1D2A4)&quot;,&quot;isDefault&quot;:true},&quot;id&quot;:1,&quot;name&quot;:&quot;&quot;,&quot;origin&quot;:&quot;://&quot;}
  (Session info: chrome=64.0.3282.186)
  (Driver info: chromedriver=2.22.397933 (1cab651507b88dec79b2b2a22d1943c01833cc1b),platform=Windows NT 10.0.16299 x86_64) (WARNING: The server did not provide any stacktrace information)
Command duration or timeout: 48.22 seconds
Build info: version: &apos;2.53.1&apos;, revision: &apos;a36b8b1cd5757287168e54b817830adce9b0158d&apos;, time: &apos;2016-06-30 19:26:09&apos;
System info: host: &apos;Ajit-PC&apos;, ip: &apos;192.168.0.109&apos;, os.name: &apos;Windows 10&apos;, os.arch: &apos;amd64&apos;, os.version: &apos;10.0&apos;, java.version: &apos;1.8.0_131&apos;
Driver info: org.openqa.selenium.chrome.ChromeDriver
	at cucumber.api.testng.TestNGCucumberRunner.runCucumber(TestNGCucumberRunner.java:69)
	at cucumber.api.testng.AbstractTestNGCucumberTests.feature(AbstractTestNGCucumberTests.java:21)
Caused by: org.openqa.selenium.SessionNotCreatedException: session not created exception
from unknown error: Runtime.executionContextCreated has invalid &apos;context&apos;: {&quot;auxData&quot;:{&quot;frameId&quot;:&quot;(46BF039A1906B29B7506AC2DB9B1D2A4)&quot;,&quot;isDefault&quot;:true},&quot;id&quot;:1,&quot;name&quot;:&quot;&quot;,&quot;origin&quot;:&quot;://&quot;}
  (Session info: chrome=64.0.3282.186)
  (Driver info: chromedriver=2.22.397933 (1cab651507b88dec79b2b2a22d1943c01833cc1b),platform=Windows NT 10.0.16299 x86_64) (WARNING: The server did not provide any stacktrace information)
Command duration or timeout: 48.22 seconds
Build info: version: &apos;2.53.1&apos;, revision: &apos;a36b8b1cd5757287168e54b817830adce9b0158d&apos;, time: &apos;2016-06-30 19:26:09&apos;
System info: host: &apos;Ajit-PC&apos;, ip: &apos;192.168.0.109&apos;, os.name: &apos;Windows 10&apos;, os.arch: &apos;amd64&apos;, os.version: &apos;10.0&apos;, java.version: &apos;1.8.0_131&apos;
Driver info: org.openqa.selenium.chrome.ChromeDriver
	at org.openqa.selenium.remote.ErrorHandler.createThrowable(ErrorHandler.java:206)
	at org.openqa.selenium.remote.ErrorHandler.throwIfResponseFailed(ErrorHandler.java:158)
	at org.openqa.selenium.remote.RemoteWebDriver.execute(RemoteWebDriver.java:678)
	at org.openqa.selenium.remote.RemoteWebDriver.startSession(RemoteWebDriver.java:249)
	at org.openqa.selenium.remote.RemoteWebDriver.&lt;init&gt;(RemoteWebDriver.java:131)
	at org.openqa.selenium.remote.RemoteWebDriver.&lt;init&gt;(RemoteWebDriver.java:144)
	at org.openqa.selenium.chrome.ChromeDriver.&lt;init&gt;(ChromeDriver.java:170)
	at org.openqa.selenium.chrome.ChromeDriver.&lt;init&gt;(ChromeDriver.java:138)
	at com.cucumber.framework.configuration.browser.ChromeBrowser.getChromeDriver(ChromeBrowser.java:45)
	at com.cucumber.framework.helper.InitializeWebDrive.standAloneStepUp(InitializeWebDrive.java:51)
	at com.cucumber.framework.helper.InitializeWebDrive.setUpDriver(InitializeWebDrive.java:146)
	at com.cucumber.framework.helper.InitializeWebDrive.beforeChrome(InitializeWebDrive.java:123)
	at cucumber.runtime.Utils$1.call(Utils.java:37)
	at cucumber.runtime.Timeout.timeout(Timeout.java:13)
	at cucumber.runtime.Utils.invoke(Utils.java:31)
	at cucumber.runtime.java.JavaHookDefinition.execute(JavaHookDefinition.java:60)
	at cucumber.runtime.Runtime.runHookIfTagsMatch(Runtime.java:223)
	at cucumber.runtime.Runtime.runHooks(Runtime.java:211)
	at cucumber.runtime.Runtime.runBeforeHooks(Runtime.java:201)
	at cucumber.runtime.model.CucumberScenario.run(CucumberScenario.java:40)
	at cucumber.runtime.model.CucumberFeature.run(CucumberFeature.java:165)
	at cucumber.api.testng.TestNGCucumberRunner.runCucumber(TestNGCucumberRunner.java:63)
	... 28 more
... Removed 35 stack frames</div></td></tr></table><p class="totop"><a href="#summary">back to summary</a></p><h3 id="m1">com.cucumber.framework.runner.SearchFeatureRunner#feature</h3><table class="result"><tr class="param"><th>Parameter #1</th></tr><tr class="param stripe"><td>Search feature of the web page</td></tr><tr><th>Exception</th></tr><tr><td><div class="stacktrace">cucumber.runtime.CucumberException: org.openqa.selenium.remote.UnreachableBrowserException: Could not start a new session. Possible causes are invalid address of the remote server or browser start-up failure.
Build info: version: &apos;2.53.1&apos;, revision: &apos;a36b8b1cd5757287168e54b817830adce9b0158d&apos;, time: &apos;2016-06-30 19:26:09&apos;
System info: host: &apos;Ajit-PC&apos;, ip: &apos;192.168.0.109&apos;, os.name: &apos;Windows 10&apos;, os.arch: &apos;amd64&apos;, os.version: &apos;10.0&apos;, java.version: &apos;1.8.0_131&apos;
Driver info: driver.version: PhantomJSDriver
	at cucumber.api.testng.TestNGCucumberRunner.runCucumber(TestNGCucumberRunner.java:69)
	at cucumber.api.testng.AbstractTestNGCucumberTests.feature(AbstractTestNGCucumberTests.java:21)
Caused by: org.openqa.selenium.remote.UnreachableBrowserException: Could not start a new session. Possible causes are invalid address of the remote server or browser start-up failure.
Build info: version: &apos;2.53.1&apos;, revision: &apos;a36b8b1cd5757287168e54b817830adce9b0158d&apos;, time: &apos;2016-06-30 19:26:09&apos;
System info: host: &apos;Ajit-PC&apos;, ip: &apos;192.168.0.109&apos;, os.name: &apos;Windows 10&apos;, os.arch: &apos;amd64&apos;, os.version: &apos;10.0&apos;, java.version: &apos;1.8.0_131&apos;
Driver info: driver.version: PhantomJSDriver
	at org.openqa.selenium.remote.RemoteWebDriver.execute(RemoteWebDriver.java:665)
	at org.openqa.selenium.remote.RemoteWebDriver.startSession(RemoteWebDriver.java:249)
	at org.openqa.selenium.remote.RemoteWebDriver.&lt;init&gt;(RemoteWebDriver.java:131)
	at org.openqa.selenium.remote.RemoteWebDriver.&lt;init&gt;(RemoteWebDriver.java:144)
	at org.openqa.selenium.phantomjs.PhantomJSDriver.&lt;init&gt;(PhantomJSDriver.java:116)
	at com.cucumber.framework.configuration.browser.PhantomJsBrowser.getPhantomJsDriver(PhantomJsBrowser.java:53)
	at com.cucumber.framework.helper.InitializeWebDrive.standAloneStepUp(InitializeWebDrive.java:71)
	at com.cucumber.framework.helper.InitializeWebDrive.setUpDriver(InitializeWebDrive.java:146)
	at com.cucumber.framework.helper.InitializeWebDrive.before(InitializeWebDrive.java:87)
	at cucumber.runtime.Utils$1.call(Utils.java:37)
	at cucumber.runtime.Timeout.timeout(Timeout.java:13)
	at cucumber.runtime.Utils.invoke(Utils.java:31)
	at cucumber.runtime.java.JavaHookDefinition.execute(JavaHookDefinition.java:60)
	at cucumber.runtime.Runtime.runHookIfTagsMatch(Runtime.java:223)
	at cucumber.runtime.Runtime.runHooks(Runtime.java:211)
	at cucumber.runtime.Runtime.runBeforeHooks(Runtime.java:201)
	at cucumber.runtime.model.CucumberScenario.run(CucumberScenario.java:40)
	at cucumber.runtime.model.CucumberFeature.run(CucumberFeature.java:165)
	at cucumber.api.testng.TestNGCucumberRunner.runCucumber(TestNGCucumberRunner.java:63)
	... 28 more
Caused by: java.lang.IllegalStateException: The process has not exited yet therefore no result is available ...
	at org.apache.commons.exec.DefaultExecuteResultHandler.getException(DefaultExecuteResultHandler.java:76)
	at org.openqa.selenium.os.UnixProcess.checkForError(UnixProcess.java:171)
	at org.openqa.selenium.os.CommandLine.checkForError(CommandLine.java:185)
	at org.openqa.selenium.remote.service.DriverService.waitUntilAvailable(DriverService.java:177)
	at org.openqa.selenium.remote.service.DriverService.start(DriverService.java:166)
	at org.openqa.selenium.phantomjs.PhantomJSCommandExecutor.execute(PhantomJSCommandExecutor.java:78)
	at org.openqa.selenium.remote.RemoteWebDriver.execute(RemoteWebDriver.java:644)
	... 50 more
... Removed 31 stack frames</div></td></tr></table><p class="totop"><a href="#summary">back to summary</a></p><h3 id="m2">com.cucumber.framework.runner.SearchWithFilterRunner#feature</h3><table class="result"><tr class="param"><th>Parameter #1</th></tr><tr class="param stripe"><td>Search with specific filter and add it to cart</td></tr><tr><th>Exception</th></tr><tr><td><div class="stacktrace">cucumber.runtime.CucumberException: org.openqa.selenium.NoSuchElementException: {&quot;errorMessage&quot;:&quot;Unable to find element with xpath &apos;//div[@id=&apos;main-nav&apos;]//a[text()=&apos;Speakers&apos;]&apos;&quot;,&quot;request&quot;:{&quot;headers&quot;:{&quot;Accept-Encoding&quot;:&quot;gzip,deflate&quot;,&quot;Connection&quot;:&quot;Keep-Alive&quot;,&quot;Content-Length&quot;:&quot;71&quot;,&quot;Content-Type&quot;:&quot;application/json; charset=utf-8&quot;,&quot;Host&quot;:&quot;localhost:1653&quot;,&quot;User-Agent&quot;:&quot;Apache-HttpClient/4.5.1 (Java/1.8.0_131)&quot;},&quot;httpVersion&quot;:&quot;1.1&quot;,&quot;method&quot;:&quot;POST&quot;,&quot;post&quot;:&quot;{\&quot;using\&quot;:\&quot;xpath\&quot;,\&quot;value\&quot;:\&quot;//div[@id=&apos;main-nav&apos;]//a[text()=&apos;Speakers&apos;]\&quot;}&quot;,&quot;url&quot;:&quot;/element&quot;,&quot;urlParsed&quot;:{&quot;anchor&quot;:&quot;&quot;,&quot;query&quot;:&quot;&quot;,&quot;file&quot;:&quot;element&quot;,&quot;directory&quot;:&quot;/&quot;,&quot;path&quot;:&quot;/element&quot;,&quot;relative&quot;:&quot;/element&quot;,&quot;port&quot;:&quot;&quot;,&quot;host&quot;:&quot;&quot;,&quot;password&quot;:&quot;&quot;,&quot;user&quot;:&quot;&quot;,&quot;userInfo&quot;:&quot;&quot;,&quot;authority&quot;:&quot;&quot;,&quot;protocol&quot;:&quot;&quot;,&quot;source&quot;:&quot;/element&quot;,&quot;queryKey&quot;:{},&quot;chunks&quot;:[&quot;element&quot;]},&quot;urlOriginal&quot;:&quot;/session/73d22460-26e8-11e8-853f-11f5334d38a7/element&quot;}}
Command duration or timeout: 2.24 seconds
For documentation on this error, please visit: http://seleniumhq.org/exceptions/no_such_element.html
Build info: version: &apos;2.53.1&apos;, revision: &apos;a36b8b1cd5757287168e54b817830adce9b0158d&apos;, time: &apos;2016-06-30 19:26:09&apos;
System info: host: &apos;Ajit-PC&apos;, ip: &apos;192.168.0.109&apos;, os.name: &apos;Windows 10&apos;, os.arch: &apos;amd64&apos;, os.version: &apos;10.0&apos;, java.version: &apos;1.8.0_131&apos;
Driver info: org.openqa.selenium.phantomjs.PhantomJSDriver
Capabilities [{applicationCacheEnabled=false, rotatable=false, handlesAlerts=false, databaseEnabled=false, version=2.1.1, platform=XP, browserConnectionEnabled=false, proxy={proxyType=direct}, nativeEvents=true, acceptSslCerts=false, driverVersion=1.2.0, locationContextEnabled=false, webStorageEnabled=false, browserName=phantomjs, takesScreenshot=true, driverName=ghostdriver, javascriptEnabled=true, cssSelectorsEnabled=true}]
Session ID: 73d22460-26e8-11e8-853f-11f5334d38a7
*** Element info: {Using=xpath, value=//div[@id=&apos;main-nav&apos;]//a[text()=&apos;Speakers&apos;]}
	at cucumber.api.testng.TestNGCucumberRunner.runCucumber(TestNGCucumberRunner.java:69)
	at cucumber.api.testng.AbstractTestNGCucumberTests.feature(AbstractTestNGCucumberTests.java:21)
Caused by: org.openqa.selenium.NoSuchElementException: {&quot;errorMessage&quot;:&quot;Unable to find element with xpath &apos;//div[@id=&apos;main-nav&apos;]//a[text()=&apos;Speakers&apos;]&apos;&quot;,&quot;request&quot;:{&quot;headers&quot;:{&quot;Accept-Encoding&quot;:&quot;gzip,deflate&quot;,&quot;Connection&quot;:&quot;Keep-Alive&quot;,&quot;Content-Length&quot;:&quot;71&quot;,&quot;Content-Type&quot;:&quot;application/json; charset=utf-8&quot;,&quot;Host&quot;:&quot;localhost:1653&quot;,&quot;User-Agent&quot;:&quot;Apache-HttpClient/4.5.1 (Java/1.8.0_131)&quot;},&quot;httpVersion&quot;:&quot;1.1&quot;,&quot;method&quot;:&quot;POST&quot;,&quot;post&quot;:&quot;{\&quot;using\&quot;:\&quot;xpath\&quot;,\&quot;value\&quot;:\&quot;//div[@id=&apos;main-nav&apos;]//a[text()=&apos;Speakers&apos;]\&quot;}&quot;,&quot;url&quot;:&quot;/element&quot;,&quot;urlParsed&quot;:{&quot;anchor&quot;:&quot;&quot;,&quot;query&quot;:&quot;&quot;,&quot;file&quot;:&quot;element&quot;,&quot;directory&quot;:&quot;/&quot;,&quot;path&quot;:&quot;/element&quot;,&quot;relative&quot;:&quot;/element&quot;,&quot;port&quot;:&quot;&quot;,&quot;host&quot;:&quot;&quot;,&quot;password&quot;:&quot;&quot;,&quot;user&quot;:&quot;&quot;,&quot;userInfo&quot;:&quot;&quot;,&quot;authority&quot;:&quot;&quot;,&quot;protocol&quot;:&quot;&quot;,&quot;source&quot;:&quot;/element&quot;,&quot;queryKey&quot;:{},&quot;chunks&quot;:[&quot;element&quot;]},&quot;urlOriginal&quot;:&quot;/session/73d22460-26e8-11e8-853f-11f5334d38a7/element&quot;}}
Command duration or timeout: 2.24 seconds
For documentation on this error, please visit: http://seleniumhq.org/exceptions/no_such_element.html
Build info: version: &apos;2.53.1&apos;, revision: &apos;a36b8b1cd5757287168e54b817830adce9b0158d&apos;, time: &apos;2016-06-30 19:26:09&apos;
System info: host: &apos;Ajit-PC&apos;, ip: &apos;192.168.0.109&apos;, os.name: &apos;Windows 10&apos;, os.arch: &apos;amd64&apos;, os.version: &apos;10.0&apos;, java.version: &apos;1.8.0_131&apos;
Driver info: org.openqa.selenium.phantomjs.PhantomJSDriver
Capabilities [{applicationCacheEnabled=false, rotatable=false, handlesAlerts=false, databaseEnabled=false, version=2.1.1, platform=XP, browserConnectionEnabled=false, proxy={proxyType=direct}, nativeEvents=true, acceptSslCerts=false, driverVersion=1.2.0, locationContextEnabled=false, webStorageEnabled=false, browserName=phantomjs, takesScreenshot=true, driverName=ghostdriver, javascriptEnabled=true, cssSelectorsEnabled=true}]
Session ID: 73d22460-26e8-11e8-853f-11f5334d38a7
*** Element info: {Using=xpath, value=//div[@id=&apos;main-nav&apos;]//a[text()=&apos;Speakers&apos;]}
	at org.openqa.selenium.remote.ErrorHandler.createThrowable(ErrorHandler.java:206)
	at org.openqa.selenium.remote.ErrorHandler.throwIfResponseFailed(ErrorHandler.java:158)
	at org.openqa.selenium.remote.RemoteWebDriver.execute(RemoteWebDriver.java:678)
	at org.openqa.selenium.remote.RemoteWebDriver.findElement(RemoteWebDriver.java:363)
	at org.openqa.selenium.remote.RemoteWebDriver.findElementByXPath(RemoteWebDriver.java:500)
	at org.openqa.selenium.By$ByXPath.findElement(By.java:361)
	at org.openqa.selenium.remote.RemoteWebDriver.findElement(RemoteWebDriver.java:355)
	at com.cucumber.framework.helper.PageObject.homepage.HomePage.navigateTo(HomePage.java:133)
	at com.cucumber.framework.stepdefinition.SearchStepDfn._i_click_on_the_something_search_filter(SearchStepDfn.java:38)
	at ?.When : I click on the &quot;Speakers&quot; search filter(featurefile/SearchWithFilter.feature:5)
Caused by: org.openqa.selenium.remote.ScreenshotException: Screen shot has been taken
Build info: version: &apos;2.53.1&apos;, revision: &apos;a36b8b1cd5757287168e54b817830adce9b0158d&apos;, time: &apos;2016-06-30 19:26:09&apos;
System info: host: &apos;Ajit-PC&apos;, ip: &apos;192.168.0.109&apos;, os.name: &apos;Windows 10&apos;, os.arch: &apos;amd64&apos;, os.version: &apos;10.0&apos;, java.version: &apos;1.8.0_131&apos;
Driver info: driver.version: RemoteWebDriver
	at org.openqa.selenium.remote.ErrorHandler.throwIfResponseFailed(ErrorHandler.java:138)
	at org.openqa.selenium.remote.RemoteWebDriver.execute(RemoteWebDriver.java:678)
	at org.openqa.selenium.remote.RemoteWebDriver.findElement(RemoteWebDriver.java:363)
	at org.openqa.selenium.remote.RemoteWebDriver.findElementByXPath(RemoteWebDriver.java:500)
	at org.openqa.selenium.By$ByXPath.findElement(By.java:361)
	at org.openqa.selenium.remote.RemoteWebDriver.findElement(RemoteWebDriver.java:355)
	at com.cucumber.framework.helper.PageObject.homepage.HomePage.navigateTo(HomePage.java:133)
	at com.cucumber.framework.stepdefinition.SearchStepDfn._i_click_on_the_something_search_filter(SearchStepDfn.java:38)
	at cucumber.runtime.Utils$1.call(Utils.java:37)
	at cucumber.runtime.Timeout.timeout(Timeout.java:13)
	at cucumber.runtime.Utils.invoke(Utils.java:31)
	at cucumber.runtime.java.JavaStepDefinition.execute(JavaStepDefinition.java:38)
	at cucumber.runtime.StepDefinitionMatch.runStep(StepDefinitionMatch.java:37)
	at cucumber.runtime.Runtime.runStep(Runtime.java:299)
	at cucumber.runtime.model.StepContainer.runStep(StepContainer.java:44)
	at cucumber.runtime.model.StepContainer.runSteps(StepContainer.java:39)
	at cucumber.runtime.model.CucumberScenario.run(CucumberScenario.java:44)
	at cucumber.runtime.model.CucumberFeature.run(CucumberFeature.java:165)
	at cucumber.api.testng.TestNGCucumberRunner.runCucumber(TestNGCucumberRunner.java:63)
	at cucumber.api.testng.AbstractTestNGCucumberTests.feature(AbstractTestNGCucumberTests.java:21)
Caused by: org.openqa.selenium.NoSuchElementException: {&quot;errorMessage&quot;:&quot;Unable to find element with xpath &apos;//div[@id=&apos;main-nav&apos;]//a[text()=&apos;Speakers&apos;]&apos;&quot;,&quot;request&quot;:{&quot;headers&quot;:{&quot;Accept-Encoding&quot;:&quot;gzip,deflate&quot;,&quot;Connection&quot;:&quot;Keep-Alive&quot;,&quot;Content-Length&quot;:&quot;71&quot;,&quot;Content-Type&quot;:&quot;application/json; charset=utf-8&quot;,&quot;Host&quot;:&quot;localhost:1653&quot;,&quot;User-Agent&quot;:&quot;Apache-HttpClient/4.5.1 (Java/1.8.0_131)&quot;},&quot;httpVersion&quot;:&quot;1.1&quot;,&quot;method&quot;:&quot;POST&quot;,&quot;post&quot;:&quot;{\&quot;using\&quot;:\&quot;xpath\&quot;,\&quot;value\&quot;:\&quot;//div[@id=&apos;main-nav&apos;]//a[text()=&apos;Speakers&apos;]\&quot;}&quot;,&quot;url&quot;:&quot;/element&quot;,&quot;urlParsed&quot;:{&quot;anchor&quot;:&quot;&quot;,&quot;query&quot;:&quot;&quot;,&quot;file&quot;:&quot;element&quot;,&quot;directory&quot;:&quot;/&quot;,&quot;path&quot;:&quot;/element&quot;,&quot;relative&quot;:&quot;/element&quot;,&quot;port&quot;:&quot;&quot;,&quot;host&quot;:&quot;&quot;,&quot;password&quot;:&quot;&quot;,&quot;user&quot;:&quot;&quot;,&quot;userInfo&quot;:&quot;&quot;,&quot;authority&quot;:&quot;&quot;,&quot;protocol&quot;:&quot;&quot;,&quot;source&quot;:&quot;/element&quot;,&quot;queryKey&quot;:{},&quot;chunks&quot;:[&quot;element&quot;]},&quot;urlOriginal&quot;:&quot;/session/73d22460-26e8-11e8-853f-11f5334d38a7/element&quot;}}
For documentation on this error, please visit: http://seleniumhq.org/exceptions/no_such_element.html
Build info: version: &apos;2.53.1&apos;, revision: &apos;a36b8b1cd5757287168e54b817830adce9b0158d&apos;, time: &apos;2016-06-30 19:26:09&apos;
System info: host: &apos;Ajit-PC&apos;, ip: &apos;192.168.0.109&apos;, os.name: &apos;Windows 10&apos;, os.arch: &apos;amd64&apos;, os.version: &apos;10.0&apos;, java.version: &apos;1.8.0_131&apos;
Driver info: driver.version: unknown
... Removed 62 stack frames</div></td></tr></table><p class="totop"><a href="#summary">back to summary</a></p><h3 id="m3">com.cucumber.framework.runner.TabletFeatureRunner#feature</h3><table class="result"><tr class="param"><th>Parameter #1</th></tr><tr class="param stripe"><td>Adding a Tablet to the Cart</td></tr><tr><th>Exception</th></tr><tr><td><div class="stacktrace">cucumber.runtime.CucumberException: org.openqa.selenium.NoSuchElementException: {&quot;errorMessage&quot;:&quot;Unable to find element with xpath &apos;//div[@id=&apos;main-nav&apos;]//a[text()=&apos;Tablets&apos;]&apos;&quot;,&quot;request&quot;:{&quot;headers&quot;:{&quot;Accept-Encoding&quot;:&quot;gzip,deflate&quot;,&quot;Connection&quot;:&quot;Keep-Alive&quot;,&quot;Content-Length&quot;:&quot;70&quot;,&quot;Content-Type&quot;:&quot;application/json; charset=utf-8&quot;,&quot;Host&quot;:&quot;localhost:37256&quot;,&quot;User-Agent&quot;:&quot;Apache-HttpClient/4.5.1 (Java/1.8.0_131)&quot;},&quot;httpVersion&quot;:&quot;1.1&quot;,&quot;method&quot;:&quot;POST&quot;,&quot;post&quot;:&quot;{\&quot;using\&quot;:\&quot;xpath\&quot;,\&quot;value\&quot;:\&quot;//div[@id=&apos;main-nav&apos;]//a[text()=&apos;Tablets&apos;]\&quot;}&quot;,&quot;url&quot;:&quot;/element&quot;,&quot;urlParsed&quot;:{&quot;anchor&quot;:&quot;&quot;,&quot;query&quot;:&quot;&quot;,&quot;file&quot;:&quot;element&quot;,&quot;directory&quot;:&quot;/&quot;,&quot;path&quot;:&quot;/element&quot;,&quot;relative&quot;:&quot;/element&quot;,&quot;port&quot;:&quot;&quot;,&quot;host&quot;:&quot;&quot;,&quot;password&quot;:&quot;&quot;,&quot;user&quot;:&quot;&quot;,&quot;userInfo&quot;:&quot;&quot;,&quot;authority&quot;:&quot;&quot;,&quot;protocol&quot;:&quot;&quot;,&quot;source&quot;:&quot;/element&quot;,&quot;queryKey&quot;:{},&quot;chunks&quot;:[&quot;element&quot;]},&quot;urlOriginal&quot;:&quot;/session/651f2c10-26e8-11e8-a90e-596c1586773d/element&quot;}}
Command duration or timeout: 3.14 seconds
For documentation on this error, please visit: http://seleniumhq.org/exceptions/no_such_element.html
Build info: version: &apos;2.53.1&apos;, revision: &apos;a36b8b1cd5757287168e54b817830adce9b0158d&apos;, time: &apos;2016-06-30 19:26:09&apos;
System info: host: &apos;Ajit-PC&apos;, ip: &apos;192.168.0.109&apos;, os.name: &apos;Windows 10&apos;, os.arch: &apos;amd64&apos;, os.version: &apos;10.0&apos;, java.version: &apos;1.8.0_131&apos;
Driver info: org.openqa.selenium.phantomjs.PhantomJSDriver
Capabilities [{applicationCacheEnabled=false, rotatable=false, handlesAlerts=false, databaseEnabled=false, version=2.1.1, platform=XP, browserConnectionEnabled=false, proxy={proxyType=direct}, nativeEvents=true, acceptSslCerts=false, driverVersion=1.2.0, locationContextEnabled=false, webStorageEnabled=false, browserName=phantomjs, takesScreenshot=true, driverName=ghostdriver, javascriptEnabled=true, cssSelectorsEnabled=true}]
Session ID: 651f2c10-26e8-11e8-a90e-596c1586773d
*** Element info: {Using=xpath, value=//div[@id=&apos;main-nav&apos;]//a[text()=&apos;Tablets&apos;]}
	at cucumber.api.testng.TestNGCucumberRunner.runCucumber(TestNGCucumberRunner.java:69)
	at cucumber.api.testng.AbstractTestNGCucumberTests.feature(AbstractTestNGCucumberTests.java:21)
Caused by: org.openqa.selenium.NoSuchElementException: {&quot;errorMessage&quot;:&quot;Unable to find element with xpath &apos;//div[@id=&apos;main-nav&apos;]//a[text()=&apos;Tablets&apos;]&apos;&quot;,&quot;request&quot;:{&quot;headers&quot;:{&quot;Accept-Encoding&quot;:&quot;gzip,deflate&quot;,&quot;Connection&quot;:&quot;Keep-Alive&quot;,&quot;Content-Length&quot;:&quot;70&quot;,&quot;Content-Type&quot;:&quot;application/json; charset=utf-8&quot;,&quot;Host&quot;:&quot;localhost:37256&quot;,&quot;User-Agent&quot;:&quot;Apache-HttpClient/4.5.1 (Java/1.8.0_131)&quot;},&quot;httpVersion&quot;:&quot;1.1&quot;,&quot;method&quot;:&quot;POST&quot;,&quot;post&quot;:&quot;{\&quot;using\&quot;:\&quot;xpath\&quot;,\&quot;value\&quot;:\&quot;//div[@id=&apos;main-nav&apos;]//a[text()=&apos;Tablets&apos;]\&quot;}&quot;,&quot;url&quot;:&quot;/element&quot;,&quot;urlParsed&quot;:{&quot;anchor&quot;:&quot;&quot;,&quot;query&quot;:&quot;&quot;,&quot;file&quot;:&quot;element&quot;,&quot;directory&quot;:&quot;/&quot;,&quot;path&quot;:&quot;/element&quot;,&quot;relative&quot;:&quot;/element&quot;,&quot;port&quot;:&quot;&quot;,&quot;host&quot;:&quot;&quot;,&quot;password&quot;:&quot;&quot;,&quot;user&quot;:&quot;&quot;,&quot;userInfo&quot;:&quot;&quot;,&quot;authority&quot;:&quot;&quot;,&quot;protocol&quot;:&quot;&quot;,&quot;source&quot;:&quot;/element&quot;,&quot;queryKey&quot;:{},&quot;chunks&quot;:[&quot;element&quot;]},&quot;urlOriginal&quot;:&quot;/session/651f2c10-26e8-11e8-a90e-596c1586773d/element&quot;}}
Command duration or timeout: 3.14 seconds
For documentation on this error, please visit: http://seleniumhq.org/exceptions/no_such_element.html
Build info: version: &apos;2.53.1&apos;, revision: &apos;a36b8b1cd5757287168e54b817830adce9b0158d&apos;, time: &apos;2016-06-30 19:26:09&apos;
System info: host: &apos;Ajit-PC&apos;, ip: &apos;192.168.0.109&apos;, os.name: &apos;Windows 10&apos;, os.arch: &apos;amd64&apos;, os.version: &apos;10.0&apos;, java.version: &apos;1.8.0_131&apos;
Driver info: org.openqa.selenium.phantomjs.PhantomJSDriver
Capabilities [{applicationCacheEnabled=false, rotatable=false, handlesAlerts=false, databaseEnabled=false, version=2.1.1, platform=XP, browserConnectionEnabled=false, proxy={proxyType=direct}, nativeEvents=true, acceptSslCerts=false, driverVersion=1.2.0, locationContextEnabled=false, webStorageEnabled=false, browserName=phantomjs, takesScreenshot=true, driverName=ghostdriver, javascriptEnabled=true, cssSelectorsEnabled=true}]
Session ID: 651f2c10-26e8-11e8-a90e-596c1586773d
*** Element info: {Using=xpath, value=//div[@id=&apos;main-nav&apos;]//a[text()=&apos;Tablets&apos;]}
	at org.openqa.selenium.remote.ErrorHandler.createThrowable(ErrorHandler.java:206)
	at org.openqa.selenium.remote.ErrorHandler.throwIfResponseFailed(ErrorHandler.java:158)
	at org.openqa.selenium.remote.RemoteWebDriver.execute(RemoteWebDriver.java:678)
	at org.openqa.selenium.remote.RemoteWebDriver.findElement(RemoteWebDriver.java:363)
	at org.openqa.selenium.remote.RemoteWebDriver.findElementByXPath(RemoteWebDriver.java:500)
	at org.openqa.selenium.By$ByXPath.findElement(By.java:361)
	at org.openqa.selenium.remote.RemoteWebDriver.findElement(RemoteWebDriver.java:355)
	at com.cucumber.framework.helper.PageObject.homepage.HomePage.navigateTo(HomePage.java:133)
	at com.cucumber.framework.stepdefinition.SearchStepDfn._i_click_on_the_something_search_filter(SearchStepDfn.java:38)
	at ?.When : I click on the &quot;Tablets&quot; search filter(featurefile/Tablet.feature:5)
Caused by: org.openqa.selenium.remote.ScreenshotException: Screen shot has been taken
Build info: version: &apos;2.53.1&apos;, revision: &apos;a36b8b1cd5757287168e54b817830adce9b0158d&apos;, time: &apos;2016-06-30 19:26:09&apos;
System info: host: &apos;Ajit-PC&apos;, ip: &apos;192.168.0.109&apos;, os.name: &apos;Windows 10&apos;, os.arch: &apos;amd64&apos;, os.version: &apos;10.0&apos;, java.version: &apos;1.8.0_131&apos;
Driver info: driver.version: RemoteWebDriver
	at org.openqa.selenium.remote.ErrorHandler.throwIfResponseFailed(ErrorHandler.java:138)
	at org.openqa.selenium.remote.RemoteWebDriver.execute(RemoteWebDriver.java:678)
	at org.openqa.selenium.remote.RemoteWebDriver.findElement(RemoteWebDriver.java:363)
	at org.openqa.selenium.remote.RemoteWebDriver.findElementByXPath(RemoteWebDriver.java:500)
	at org.openqa.selenium.By$ByXPath.findElement(By.java:361)
	at org.openqa.selenium.remote.RemoteWebDriver.findElement(RemoteWebDriver.java:355)
	at com.cucumber.framework.helper.PageObject.homepage.HomePage.navigateTo(HomePage.java:133)
	at com.cucumber.framework.stepdefinition.SearchStepDfn._i_click_on_the_something_search_filter(SearchStepDfn.java:38)
	at cucumber.runtime.Utils$1.call(Utils.java:37)
	at cucumber.runtime.Timeout.timeout(Timeout.java:13)
	at cucumber.runtime.Utils.invoke(Utils.java:31)
	at cucumber.runtime.java.JavaStepDefinition.execute(JavaStepDefinition.java:38)
	at cucumber.runtime.StepDefinitionMatch.runStep(StepDefinitionMatch.java:37)
	at cucumber.runtime.Runtime.runStep(Runtime.java:299)
	at cucumber.runtime.model.StepContainer.runStep(StepContainer.java:44)
	at cucumber.runtime.model.StepContainer.runSteps(StepContainer.java:39)
	at cucumber.runtime.model.CucumberScenario.run(CucumberScenario.java:44)
	at cucumber.runtime.model.CucumberFeature.run(CucumberFeature.java:165)
	at cucumber.api.testng.TestNGCucumberRunner.runCucumber(TestNGCucumberRunner.java:63)
	at cucumber.api.testng.AbstractTestNGCucumberTests.feature(AbstractTestNGCucumberTests.java:21)
Caused by: org.openqa.selenium.NoSuchElementException: {&quot;errorMessage&quot;:&quot;Unable to find element with xpath &apos;//div[@id=&apos;main-nav&apos;]//a[text()=&apos;Tablets&apos;]&apos;&quot;,&quot;request&quot;:{&quot;headers&quot;:{&quot;Accept-Encoding&quot;:&quot;gzip,deflate&quot;,&quot;Connection&quot;:&quot;Keep-Alive&quot;,&quot;Content-Length&quot;:&quot;70&quot;,&quot;Content-Type&quot;:&quot;application/json; charset=utf-8&quot;,&quot;Host&quot;:&quot;localhost:37256&quot;,&quot;User-Agent&quot;:&quot;Apache-HttpClient/4.5.1 (Java/1.8.0_131)&quot;},&quot;httpVersion&quot;:&quot;1.1&quot;,&quot;method&quot;:&quot;POST&quot;,&quot;post&quot;:&quot;{\&quot;using\&quot;:\&quot;xpath\&quot;,\&quot;value\&quot;:\&quot;//div[@id=&apos;main-nav&apos;]//a[text()=&apos;Tablets&apos;]\&quot;}&quot;,&quot;url&quot;:&quot;/element&quot;,&quot;urlParsed&quot;:{&quot;anchor&quot;:&quot;&quot;,&quot;query&quot;:&quot;&quot;,&quot;file&quot;:&quot;element&quot;,&quot;directory&quot;:&quot;/&quot;,&quot;path&quot;:&quot;/element&quot;,&quot;relative&quot;:&quot;/element&quot;,&quot;port&quot;:&quot;&quot;,&quot;host&quot;:&quot;&quot;,&quot;password&quot;:&quot;&quot;,&quot;user&quot;:&quot;&quot;,&quot;userInfo&quot;:&quot;&quot;,&quot;authority&quot;:&quot;&quot;,&quot;protocol&quot;:&quot;&quot;,&quot;source&quot;:&quot;/element&quot;,&quot;queryKey&quot;:{},&quot;chunks&quot;:[&quot;element&quot;]},&quot;urlOriginal&quot;:&quot;/session/651f2c10-26e8-11e8-a90e-596c1586773d/element&quot;}}
For documentation on this error, please visit: http://seleniumhq.org/exceptions/no_such_element.html
Build info: version: &apos;2.53.1&apos;, revision: &apos;a36b8b1cd5757287168e54b817830adce9b0158d&apos;, time: &apos;2016-06-30 19:26:09&apos;
System info: host: &apos;Ajit-PC&apos;, ip: &apos;192.168.0.109&apos;, os.name: &apos;Windows 10&apos;, os.arch: &apos;amd64&apos;, os.version: &apos;10.0&apos;, java.version: &apos;1.8.0_131&apos;
Driver info: driver.version: unknown
... Removed 62 stack frames</div></td></tr></table><p class="totop"><a href="#summary">back to summary</a></p></body></html>