[
  {
    "line": 1,
    "elements": [
      {
        "before": [
          {
            "result": {
              "duration": 149645140467,
              "error_message": "org.openqa.selenium.remote.UnreachableBrowserException: Could not start a new session. Possible causes are invalid address of the remote server or browser start-up failure.\nBuild info: version: \u00272.53.1\u0027, revision: \u0027a36b8b1cd5757287168e54b817830adce9b0158d\u0027, time: \u00272016-06-30 19:26:09\u0027\nSystem info: host: \u0027Ajit-PC\u0027, ip: \u0027192.168.0.109\u0027, os.name: \u0027Windows 10\u0027, os.arch: \u0027amd64\u0027, os.version: \u002710.0\u0027, java.version: \u00271.8.0_131\u0027\nDriver info: driver.version: PhantomJSDriver\r\n\tat org.openqa.selenium.remote.RemoteWebDriver.execute(RemoteWebDriver.java:665)\r\n\tat org.openqa.selenium.remote.RemoteWebDriver.startSession(RemoteWebDriver.java:249)\r\n\tat org.openqa.selenium.remote.RemoteWebDriver.\u003cinit\u003e(RemoteWebDriver.java:131)\r\n\tat org.openqa.selenium.remote.RemoteWebDriver.\u003cinit\u003e(RemoteWebDriver.java:144)\r\n\tat org.openqa.selenium.phantomjs.PhantomJSDriver.\u003cinit\u003e(PhantomJSDriver.java:116)\r\n\tat com.cucumber.framework.configuration.browser.PhantomJsBrowser.getPhantomJsDriver(PhantomJsBrowser.java:53)\r\n\tat com.cucumber.framework.helper.InitializeWebDrive.standAloneStepUp(InitializeWebDrive.java:71)\r\n\tat com.cucumber.framework.helper.InitializeWebDrive.setUpDriver(InitializeWebDrive.java:146)\r\n\tat com.cucumber.framework.helper.InitializeWebDrive.before(InitializeWebDrive.java:87)\r\n\tat sun.reflect.NativeMethodAccessorImpl.invoke0(Native Method)\r\n\tat sun.reflect.NativeMethodAccessorImpl.invoke(NativeMethodAccessorImpl.java:62)\r\n\tat sun.reflect.DelegatingMethodAccessorImpl.invoke(DelegatingMethodAccessorImpl.java:43)\r\n\tat java.lang.reflect.Method.invoke(Method.java:498)\r\n\tat cucumber.runtime.Utils$1.call(Utils.java:37)\r\n\tat cucumber.runtime.Timeout.timeout(Timeout.java:13)\r\n\tat cucumber.runtime.Utils.invoke(Utils.java:31)\r\n\tat cucumber.runtime.java.JavaHookDefinition.execute(JavaHookDefinition.java:60)\r\n\tat cucumber.runtime.Runtime.runHookIfTagsMatch(Runtime.java:223)\r\n\tat cucumber.runtime.Runtime.runHooks(Runtime.java:211)\r\n\tat cucumber.runtime.Runtime.runBeforeHooks(Runtime.java:201)\r\n\tat cucumber.runtime.model.CucumberScenario.run(CucumberScenario.java:40)\r\n\tat cucumber.runtime.model.CucumberFeature.run(CucumberFeature.java:165)\r\n\tat cucumber.api.testng.TestNGCucumberRunner.runCucumber(TestNGCucumberRunner.java:63)\r\n\tat cucumber.api.testng.AbstractTestNGCucumberTests.feature(AbstractTestNGCucumberTests.java:21)\r\n\tat sun.reflect.NativeMethodAccessorImpl.invoke0(Native Method)\r\n\tat sun.reflect.NativeMethodAccessorImpl.invoke(NativeMethodAccessorImpl.java:62)\r\n\tat sun.reflect.DelegatingMethodAccessorImpl.invoke(DelegatingMethodAccessorImpl.java:43)\r\n\tat java.lang.reflect.Method.invoke(Method.java:498)\r\n\tat org.testng.internal.MethodInvocationHelper.invokeMethod(MethodInvocationHelper.java:86)\r\n\tat org.testng.internal.Invoker.invokeMethod(Invoker.java:643)\r\n\tat org.testng.internal.Invoker.invokeTestMethod(Invoker.java:820)\r\n\tat org.testng.internal.Invoker.invokeTestMethods(Invoker.java:1128)\r\n\tat org.testng.internal.TestMethodWorker.invokeTestMethods(TestMethodWorker.java:129)\r\n\tat org.testng.internal.TestMethodWorker.run(TestMethodWorker.java:112)\r\n\tat org.testng.TestRunner.privateRun(TestRunner.java:782)\r\n\tat org.testng.TestRunner.run(TestRunner.java:632)\r\n\tat org.testng.SuiteRunner.runTest(SuiteRunner.java:366)\r\n\tat org.testng.SuiteRunner.runSequentially(SuiteRunner.java:361)\r\n\tat org.testng.SuiteRunner.privateRun(SuiteRunner.java:319)\r\n\tat org.testng.SuiteRunner.run(SuiteRunner.java:268)\r\n\tat org.testng.SuiteRunnerWorker.runSuite(SuiteRunnerWorker.java:52)\r\n\tat org.testng.SuiteRunnerWorker.run(SuiteRunnerWorker.java:86)\r\n\tat org.testng.TestNG.runSuitesSequentially(TestNG.java:1244)\r\n\tat org.testng.TestNG.runSuitesLocally(TestNG.java:1169)\r\n\tat org.testng.TestNG.run(TestNG.java:1064)\r\n\tat org.apache.maven.surefire.testng.TestNGExecutor.run(TestNGExecutor.java:281)\r\n\tat org.apache.maven.surefire.testng.TestNGXmlTestSuite.execute(TestNGXmlTestSuite.java:75)\r\n\tat org.apache.maven.surefire.testng.TestNGProvider.invoke(TestNGProvider.java:121)\r\n\tat org.apache.maven.surefire.booter.ForkedBooter.invokeProviderInSameClassLoader(ForkedBooter.java:290)\r\n\tat org.apache.maven.surefire.booter.ForkedBooter.runSuitesInProcess(ForkedBooter.java:242)\r\n\tat org.apache.maven.surefire.booter.ForkedBooter.main(ForkedBooter.java:121)\r\nCaused by: java.lang.IllegalStateException: The process has not exited yet therefore no result is available ...\r\n\tat org.apache.commons.exec.DefaultExecuteResultHandler.getException(DefaultExecuteResultHandler.java:76)\r\n\tat org.openqa.selenium.os.UnixProcess.checkForError(UnixProcess.java:171)\r\n\tat org.openqa.selenium.os.CommandLine.checkForError(CommandLine.java:185)\r\n\tat org.openqa.selenium.remote.service.DriverService.waitUntilAvailable(DriverService.java:177)\r\n\tat org.openqa.selenium.remote.service.DriverService.start(DriverService.java:166)\r\n\tat org.openqa.selenium.phantomjs.PhantomJSCommandExecutor.execute(PhantomJSCommandExecutor.java:78)\r\n\tat org.openqa.selenium.remote.RemoteWebDriver.execute(RemoteWebDriver.java:644)\r\n\t... 50 more\r\n",
              "status": "failed"
            },
            "match": {
              "location": "InitializeWebDrive.before()"
            }
          }
        ],
        "line": 3,
        "name": "Search based on laptops",
        "description": "",
        "id": "search-feature-of-the-web-page;search-based-on-laptops",
        "after": [
          {
            "result": {
              "duration": 1721126,
              "status": "passed"
            },
            "match": {
              "location": "InitializeWebDrive.after(Scenario)"
            }
          }
        ],
        "type": "scenario",
        "keyword": "Scenario",
        "steps": [
          {
            "result": {
              "status": "skipped"
            },
            "line": 4,
            "name": ": I am at the home page",
            "match": {
              "location": "SearchStepDfn._i_am_at_the_home_page()"
            },
            "keyword": "Given "
          },
          {
            "result": {
              "status": "skipped"
            },
            "line": 5,
            "name": ": I click on the \"Laptops\" search filter",
            "match": {
              "arguments": [
                {
                  "val": "Laptops",
                  "offset": 18
                }
              ],
              "location": "SearchStepDfn._i_click_on_the_something_search_filter(String)"
            },
            "keyword": "When "
          },
          {
            "result": {
              "status": "skipped"
            },
            "line": 6,
            "name": ": I should be at the \"Laptops\" search page with \"35 items\"",
            "match": {
              "arguments": [
                {
                  "val": "Laptops",
                  "offset": 22
                },
                {
                  "val": "35 items",
                  "offset": 49
                }
              ],
              "location": "SearchStepDfn._i_should_be_at_the_something_search_page_with_something(String,String)"
            },
            "keyword": "Then "
          },
          {
            "result": {
              "status": "skipped"
            },
            "line": 7,
            "name": ": The title should be \"Laptops\" search page",
            "match": {
              "arguments": [
                {
                  "val": "Laptops",
                  "offset": 23
                }
              ],
              "location": "SearchStepDfn._the_title_should_be_something_search_page(String)"
            },
            "keyword": "And "
          }
        ]
      },
      {
        "before": [
          {
            "result": {
              "duration": 71952269274,
              "error_message": "org.openqa.selenium.remote.UnreachableBrowserException: Could not start a new session. Possible causes are invalid address of the remote server or browser start-up failure.\nBuild info: version: \u00272.53.1\u0027, revision: \u0027a36b8b1cd5757287168e54b817830adce9b0158d\u0027, time: \u00272016-06-30 19:26:09\u0027\nSystem info: host: \u0027Ajit-PC\u0027, ip: \u0027192.168.0.109\u0027, os.name: \u0027Windows 10\u0027, os.arch: \u0027amd64\u0027, os.version: \u002710.0\u0027, java.version: \u00271.8.0_131\u0027\nDriver info: driver.version: PhantomJSDriver\r\n\tat org.openqa.selenium.remote.RemoteWebDriver.execute(RemoteWebDriver.java:665)\r\n\tat org.openqa.selenium.remote.RemoteWebDriver.startSession(RemoteWebDriver.java:249)\r\n\tat org.openqa.selenium.remote.RemoteWebDriver.\u003cinit\u003e(RemoteWebDriver.java:131)\r\n\tat org.openqa.selenium.remote.RemoteWebDriver.\u003cinit\u003e(RemoteWebDriver.java:144)\r\n\tat org.openqa.selenium.phantomjs.PhantomJSDriver.\u003cinit\u003e(PhantomJSDriver.java:116)\r\n\tat com.cucumber.framework.configuration.browser.PhantomJsBrowser.getPhantomJsDriver(PhantomJsBrowser.java:53)\r\n\tat com.cucumber.framework.helper.InitializeWebDrive.standAloneStepUp(InitializeWebDrive.java:71)\r\n\tat com.cucumber.framework.helper.InitializeWebDrive.setUpDriver(InitializeWebDrive.java:146)\r\n\tat com.cucumber.framework.helper.InitializeWebDrive.before(InitializeWebDrive.java:87)\r\n\tat sun.reflect.NativeMethodAccessorImpl.invoke0(Native Method)\r\n\tat sun.reflect.NativeMethodAccessorImpl.invoke(NativeMethodAccessorImpl.java:62)\r\n\tat sun.reflect.DelegatingMethodAccessorImpl.invoke(DelegatingMethodAccessorImpl.java:43)\r\n\tat java.lang.reflect.Method.invoke(Method.java:498)\r\n\tat cucumber.runtime.Utils$1.call(Utils.java:37)\r\n\tat cucumber.runtime.Timeout.timeout(Timeout.java:13)\r\n\tat cucumber.runtime.Utils.invoke(Utils.java:31)\r\n\tat cucumber.runtime.java.JavaHookDefinition.execute(JavaHookDefinition.java:60)\r\n\tat cucumber.runtime.Runtime.runHookIfTagsMatch(Runtime.java:223)\r\n\tat cucumber.runtime.Runtime.runHooks(Runtime.java:211)\r\n\tat cucumber.runtime.Runtime.runBeforeHooks(Runtime.java:201)\r\n\tat cucumber.runtime.model.CucumberScenario.run(CucumberScenario.java:40)\r\n\tat cucumber.runtime.model.CucumberFeature.run(CucumberFeature.java:165)\r\n\tat cucumber.api.testng.TestNGCucumberRunner.runCucumber(TestNGCucumberRunner.java:63)\r\n\tat cucumber.api.testng.AbstractTestNGCucumberTests.feature(AbstractTestNGCucumberTests.java:21)\r\n\tat sun.reflect.NativeMethodAccessorImpl.invoke0(Native Method)\r\n\tat sun.reflect.NativeMethodAccessorImpl.invoke(NativeMethodAccessorImpl.java:62)\r\n\tat sun.reflect.DelegatingMethodAccessorImpl.invoke(DelegatingMethodAccessorImpl.java:43)\r\n\tat java.lang.reflect.Method.invoke(Method.java:498)\r\n\tat org.testng.internal.MethodInvocationHelper.invokeMethod(MethodInvocationHelper.java:86)\r\n\tat org.testng.internal.Invoker.invokeMethod(Invoker.java:643)\r\n\tat org.testng.internal.Invoker.invokeTestMethod(Invoker.java:820)\r\n\tat org.testng.internal.Invoker.invokeTestMethods(Invoker.java:1128)\r\n\tat org.testng.internal.TestMethodWorker.invokeTestMethods(TestMethodWorker.java:129)\r\n\tat org.testng.internal.TestMethodWorker.run(TestMethodWorker.java:112)\r\n\tat org.testng.TestRunner.privateRun(TestRunner.java:782)\r\n\tat org.testng.TestRunner.run(TestRunner.java:632)\r\n\tat org.testng.SuiteRunner.runTest(SuiteRunner.java:366)\r\n\tat org.testng.SuiteRunner.runSequentially(SuiteRunner.java:361)\r\n\tat org.testng.SuiteRunner.privateRun(SuiteRunner.java:319)\r\n\tat org.testng.SuiteRunner.run(SuiteRunner.java:268)\r\n\tat org.testng.SuiteRunnerWorker.runSuite(SuiteRunnerWorker.java:52)\r\n\tat org.testng.SuiteRunnerWorker.run(SuiteRunnerWorker.java:86)\r\n\tat org.testng.TestNG.runSuitesSequentially(TestNG.java:1244)\r\n\tat org.testng.TestNG.runSuitesLocally(TestNG.java:1169)\r\n\tat org.testng.TestNG.run(TestNG.java:1064)\r\n\tat org.apache.maven.surefire.testng.TestNGExecutor.run(TestNGExecutor.java:281)\r\n\tat org.apache.maven.surefire.testng.TestNGXmlTestSuite.execute(TestNGXmlTestSuite.java:75)\r\n\tat org.apache.maven.surefire.testng.TestNGProvider.invoke(TestNGProvider.java:121)\r\n\tat org.apache.maven.surefire.booter.ForkedBooter.invokeProviderInSameClassLoader(ForkedBooter.java:290)\r\n\tat org.apache.maven.surefire.booter.ForkedBooter.runSuitesInProcess(ForkedBooter.java:242)\r\n\tat org.apache.maven.surefire.booter.ForkedBooter.main(ForkedBooter.java:121)\r\nCaused by: java.lang.IllegalStateException: The process has not exited yet therefore no result is available ...\r\n\tat org.apache.commons.exec.DefaultExecuteResultHandler.getException(DefaultExecuteResultHandler.java:76)\r\n\tat org.openqa.selenium.os.UnixProcess.checkForError(UnixProcess.java:171)\r\n\tat org.openqa.selenium.os.CommandLine.checkForError(CommandLine.java:185)\r\n\tat org.openqa.selenium.remote.service.DriverService.waitUntilAvailable(DriverService.java:177)\r\n\tat org.openqa.selenium.remote.service.DriverService.start(DriverService.java:166)\r\n\tat org.openqa.selenium.phantomjs.PhantomJSCommandExecutor.execute(PhantomJSCommandExecutor.java:78)\r\n\tat org.openqa.selenium.remote.RemoteWebDriver.execute(RemoteWebDriver.java:644)\r\n\t... 50 more\r\n",
              "status": "failed"
            },
            "match": {
              "location": "InitializeWebDrive.before()"
            }
          }
        ],
        "line": 9,
        "name": "Search based on Tablets",
        "description": "",
        "id": "search-feature-of-the-web-page;search-based-on-tablets",
        "after": [
          {
            "result": {
              "duration": 1478195,
              "status": "passed"
            },
            "match": {
              "location": "InitializeWebDrive.after(Scenario)"
            }
          }
        ],
        "type": "scenario",
        "keyword": "Scenario",
        "steps": [
          {
            "result": {
              "status": "skipped"
            },
            "line": 10,
            "name": ": I am at the home page",
            "match": {
              "location": "SearchStepDfn._i_am_at_the_home_page()"
            },
            "keyword": "Given "
          },
          {
            "result": {
              "status": "skipped"
            },
            "line": 11,
            "name": ": I click on the \"Tablets\" search filter",
            "match": {
              "arguments": [
                {
                  "val": "Tablets",
                  "offset": 18
                }
              ],
              "location": "SearchStepDfn._i_click_on_the_something_search_filter(String)"
            },
            "keyword": "When "
          },
          {
            "result": {
              "status": "skipped"
            },
            "line": 12,
            "name": ": I should be at the \"Tablets\" search page with \"5 items\"",
            "match": {
              "arguments": [
                {
                  "val": "Tablets",
                  "offset": 22
                },
                {
                  "val": "5 items",
                  "offset": 49
                }
              ],
              "location": "SearchStepDfn._i_should_be_at_the_something_search_page_with_something(String,String)"
            },
            "keyword": "Then "
          },
          {
            "result": {
              "status": "skipped"
            },
            "line": 13,
            "name": ": The title should be \"Tablets\" search page",
            "match": {
              "arguments": [
                {
                  "val": "Tablets",
                  "offset": 23
                }
              ],
              "location": "SearchStepDfn._the_title_should_be_something_search_page(String)"
            },
            "keyword": "And "
          }
        ]
      },
      {
        "before": [
          {
            "result": {
              "duration": 28276699076,
              "error_message": "org.openqa.selenium.remote.UnreachableBrowserException: Could not start a new session. Possible causes are invalid address of the remote server or browser start-up failure.\nBuild info: version: \u00272.53.1\u0027, revision: \u0027a36b8b1cd5757287168e54b817830adce9b0158d\u0027, time: \u00272016-06-30 19:26:09\u0027\nSystem info: host: \u0027Ajit-PC\u0027, ip: \u0027192.168.0.109\u0027, os.name: \u0027Windows 10\u0027, os.arch: \u0027amd64\u0027, os.version: \u002710.0\u0027, java.version: \u00271.8.0_131\u0027\nDriver info: driver.version: PhantomJSDriver\r\n\tat org.openqa.selenium.remote.RemoteWebDriver.execute(RemoteWebDriver.java:665)\r\n\tat org.openqa.selenium.remote.RemoteWebDriver.startSession(RemoteWebDriver.java:249)\r\n\tat org.openqa.selenium.remote.RemoteWebDriver.\u003cinit\u003e(RemoteWebDriver.java:131)\r\n\tat org.openqa.selenium.remote.RemoteWebDriver.\u003cinit\u003e(RemoteWebDriver.java:144)\r\n\tat org.openqa.selenium.phantomjs.PhantomJSDriver.\u003cinit\u003e(PhantomJSDriver.java:116)\r\n\tat com.cucumber.framework.configuration.browser.PhantomJsBrowser.getPhantomJsDriver(PhantomJsBrowser.java:53)\r\n\tat com.cucumber.framework.helper.InitializeWebDrive.standAloneStepUp(InitializeWebDrive.java:71)\r\n\tat com.cucumber.framework.helper.InitializeWebDrive.setUpDriver(InitializeWebDrive.java:146)\r\n\tat com.cucumber.framework.helper.InitializeWebDrive.before(InitializeWebDrive.java:87)\r\n\tat sun.reflect.NativeMethodAccessorImpl.invoke0(Native Method)\r\n\tat sun.reflect.NativeMethodAccessorImpl.invoke(NativeMethodAccessorImpl.java:62)\r\n\tat sun.reflect.DelegatingMethodAccessorImpl.invoke(DelegatingMethodAccessorImpl.java:43)\r\n\tat java.lang.reflect.Method.invoke(Method.java:498)\r\n\tat cucumber.runtime.Utils$1.call(Utils.java:37)\r\n\tat cucumber.runtime.Timeout.timeout(Timeout.java:13)\r\n\tat cucumber.runtime.Utils.invoke(Utils.java:31)\r\n\tat cucumber.runtime.java.JavaHookDefinition.execute(JavaHookDefinition.java:60)\r\n\tat cucumber.runtime.Runtime.runHookIfTagsMatch(Runtime.java:223)\r\n\tat cucumber.runtime.Runtime.runHooks(Runtime.java:211)\r\n\tat cucumber.runtime.Runtime.runBeforeHooks(Runtime.java:201)\r\n\tat cucumber.runtime.model.CucumberScenario.run(CucumberScenario.java:40)\r\n\tat cucumber.runtime.model.CucumberFeature.run(CucumberFeature.java:165)\r\n\tat cucumber.api.testng.TestNGCucumberRunner.runCucumber(TestNGCucumberRunner.java:63)\r\n\tat cucumber.api.testng.AbstractTestNGCucumberTests.feature(AbstractTestNGCucumberTests.java:21)\r\n\tat sun.reflect.NativeMethodAccessorImpl.invoke0(Native Method)\r\n\tat sun.reflect.NativeMethodAccessorImpl.invoke(NativeMethodAccessorImpl.java:62)\r\n\tat sun.reflect.DelegatingMethodAccessorImpl.invoke(DelegatingMethodAccessorImpl.java:43)\r\n\tat java.lang.reflect.Method.invoke(Method.java:498)\r\n\tat org.testng.internal.MethodInvocationHelper.invokeMethod(MethodInvocationHelper.java:86)\r\n\tat org.testng.internal.Invoker.invokeMethod(Invoker.java:643)\r\n\tat org.testng.internal.Invoker.invokeTestMethod(Invoker.java:820)\r\n\tat org.testng.internal.Invoker.invokeTestMethods(Invoker.java:1128)\r\n\tat org.testng.internal.TestMethodWorker.invokeTestMethods(TestMethodWorker.java:129)\r\n\tat org.testng.internal.TestMethodWorker.run(TestMethodWorker.java:112)\r\n\tat org.testng.TestRunner.privateRun(TestRunner.java:782)\r\n\tat org.testng.TestRunner.run(TestRunner.java:632)\r\n\tat org.testng.SuiteRunner.runTest(SuiteRunner.java:366)\r\n\tat org.testng.SuiteRunner.runSequentially(SuiteRunner.java:361)\r\n\tat org.testng.SuiteRunner.privateRun(SuiteRunner.java:319)\r\n\tat org.testng.SuiteRunner.run(SuiteRunner.java:268)\r\n\tat org.testng.SuiteRunnerWorker.runSuite(SuiteRunnerWorker.java:52)\r\n\tat org.testng.SuiteRunnerWorker.run(SuiteRunnerWorker.java:86)\r\n\tat org.testng.TestNG.runSuitesSequentially(TestNG.java:1244)\r\n\tat org.testng.TestNG.runSuitesLocally(TestNG.java:1169)\r\n\tat org.testng.TestNG.run(TestNG.java:1064)\r\n\tat org.apache.maven.surefire.testng.TestNGExecutor.run(TestNGExecutor.java:281)\r\n\tat org.apache.maven.surefire.testng.TestNGXmlTestSuite.execute(TestNGXmlTestSuite.java:75)\r\n\tat org.apache.maven.surefire.testng.TestNGProvider.invoke(TestNGProvider.java:121)\r\n\tat org.apache.maven.surefire.booter.ForkedBooter.invokeProviderInSameClassLoader(ForkedBooter.java:290)\r\n\tat org.apache.maven.surefire.booter.ForkedBooter.runSuitesInProcess(ForkedBooter.java:242)\r\n\tat org.apache.maven.surefire.booter.ForkedBooter.main(ForkedBooter.java:121)\r\nCaused by: java.lang.IllegalStateException: The process has not exited yet therefore no result is available ...\r\n\tat org.apache.commons.exec.DefaultExecuteResultHandler.getException(DefaultExecuteResultHandler.java:76)\r\n\tat org.openqa.selenium.os.UnixProcess.checkForError(UnixProcess.java:171)\r\n\tat org.openqa.selenium.os.CommandLine.checkForError(CommandLine.java:185)\r\n\tat org.openqa.selenium.remote.service.DriverService.waitUntilAvailable(DriverService.java:177)\r\n\tat org.openqa.selenium.remote.service.DriverService.start(DriverService.java:166)\r\n\tat org.openqa.selenium.phantomjs.PhantomJSCommandExecutor.execute(PhantomJSCommandExecutor.java:78)\r\n\tat org.openqa.selenium.remote.RemoteWebDriver.execute(RemoteWebDriver.java:644)\r\n\t... 50 more\r\n",
              "status": "failed"
            },
            "match": {
              "location": "InitializeWebDrive.before()"
            }
          }
        ],
        "line": 15,
        "name": "Search based on Cameras",
        "description": "",
        "id": "search-feature-of-the-web-page;search-based-on-cameras",
        "after": [
          {
            "result": {
              "duration": 1189185,
              "status": "passed"
            },
            "match": {
              "location": "InitializeWebDrive.after(Scenario)"
            }
          }
        ],
        "type": "scenario",
        "keyword": "Scenario",
        "steps": [
          {
            "result": {
              "status": "skipped"
            },
            "line": 16,
            "name": ": I am at the home page",
            "match": {
              "location": "SearchStepDfn._i_am_at_the_home_page()"
            },
            "keyword": "Given "
          },
          {
            "result": {
              "status": "skipped"
            },
            "line": 17,
            "name": ": I click on the \"Cameras\" search filter",
            "match": {
              "arguments": [
                {
                  "val": "Cameras",
                  "offset": 18
                }
              ],
              "location": "SearchStepDfn._i_click_on_the_something_search_filter(String)"
            },
            "keyword": "When "
          },
          {
            "result": {
              "status": "skipped"
            },
            "line": 18,
            "name": ": I should be at the \"Cameras\" search page with \"47 items\"",
            "match": {
              "arguments": [
                {
                  "val": "Cameras",
                  "offset": 22
                },
                {
                  "val": "47 items",
                  "offset": 49
                }
              ],
              "location": "SearchStepDfn._i_should_be_at_the_something_search_page_with_something(String,String)"
            },
            "keyword": "Then "
          },
          {
            "result": {
              "status": "skipped"
            },
            "line": 19,
            "name": ": The title should be \"Cameras\" search page",
            "match": {
              "arguments": [
                {
                  "val": "Cameras",
                  "offset": 23
                }
              ],
              "location": "SearchStepDfn._the_title_should_be_something_search_page(String)"
            },
            "keyword": "And "
          }
        ]
      },
      {
        "before": [
          {
            "result": {
              "duration": 32204238787,
              "status": "passed"
            },
            "match": {
              "location": "InitializeWebDrive.before()"
            }
          }
        ],
        "line": 21,
        "name": "Search based on Mobile Phones",
        "description": "",
        "id": "search-feature-of-the-web-page;search-based-on-mobile-phones",
        "after": [
          {
            "result": {
              "duration": 4096760581,
              "status": "passed"
            },
            "match": {
              "location": "InitializeWebDrive.after(Scenario)"
            }
          }
        ],
        "type": "scenario",
        "keyword": "Scenario",
        "steps": [
          {
            "result": {
              "duration": 17135316953,
              "status": "passed"
            },
            "line": 22,
            "name": ": I am at the home page",
            "match": {
              "location": "SearchStepDfn._i_am_at_the_home_page()"
            },
            "keyword": "Given "
          },
          {
            "result": {
              "duration": 3414216144,
              "error_message": "org.openqa.selenium.NoSuchElementException: {\"errorMessage\":\"Unable to find element with xpath \u0027//div[@id\u003d\u0027main-nav\u0027]//a[text()\u003d\u0027Mobile Phones\u0027]\u0027\",\"request\":{\"headers\":{\"Accept-Encoding\":\"gzip,deflate\",\"Connection\":\"Keep-Alive\",\"Content-Length\":\"76\",\"Content-Type\":\"application/json; charset\u003dutf-8\",\"Host\":\"localhost:12290\",\"User-Agent\":\"Apache-HttpClient/4.5.1 (Java/1.8.0_131)\"},\"httpVersion\":\"1.1\",\"method\":\"POST\",\"post\":\"{\\\"using\\\":\\\"xpath\\\",\\\"value\\\":\\\"//div[@id\u003d\u0027main-nav\u0027]//a[text()\u003d\u0027Mobile Phones\u0027]\\\"}\",\"url\":\"/element\",\"urlParsed\":{\"anchor\":\"\",\"query\":\"\",\"file\":\"element\",\"directory\":\"/\",\"path\":\"/element\",\"relative\":\"/element\",\"port\":\"\",\"host\":\"\",\"password\":\"\",\"user\":\"\",\"userInfo\":\"\",\"authority\":\"\",\"protocol\":\"\",\"source\":\"/element\",\"queryKey\":{},\"chunks\":[\"element\"]},\"urlOriginal\":\"/session/18e13280-26e8-11e8-bcd5-8f7874271113/element\"}}\nCommand duration or timeout: 2.95 seconds\nFor documentation on this error, please visit: http://seleniumhq.org/exceptions/no_such_element.html\nBuild info: version: \u00272.53.1\u0027, revision: \u0027a36b8b1cd5757287168e54b817830adce9b0158d\u0027, time: \u00272016-06-30 19:26:09\u0027\nSystem info: host: \u0027Ajit-PC\u0027, ip: \u0027192.168.0.109\u0027, os.name: \u0027Windows 10\u0027, os.arch: \u0027amd64\u0027, os.version: \u002710.0\u0027, java.version: \u00271.8.0_131\u0027\nDriver info: org.openqa.selenium.phantomjs.PhantomJSDriver\nCapabilities [{applicationCacheEnabled\u003dfalse, rotatable\u003dfalse, handlesAlerts\u003dfalse, databaseEnabled\u003dfalse, version\u003d2.1.1, platform\u003dXP, browserConnectionEnabled\u003dfalse, proxy\u003d{proxyType\u003ddirect}, nativeEvents\u003dtrue, acceptSslCerts\u003dfalse, driverVersion\u003d1.2.0, locationContextEnabled\u003dfalse, webStorageEnabled\u003dfalse, browserName\u003dphantomjs, takesScreenshot\u003dtrue, driverName\u003dghostdriver, javascriptEnabled\u003dtrue, cssSelectorsEnabled\u003dtrue}]\nSession ID: 18e13280-26e8-11e8-bcd5-8f7874271113\n*** Element info: {Using\u003dxpath, value\u003d//div[@id\u003d\u0027main-nav\u0027]//a[text()\u003d\u0027Mobile Phones\u0027]}\r\n\tat sun.reflect.NativeConstructorAccessorImpl.newInstance0(Native Method)\r\n\tat sun.reflect.NativeConstructorAccessorImpl.newInstance(NativeConstructorAccessorImpl.java:62)\r\n\tat sun.reflect.DelegatingConstructorAccessorImpl.newInstance(DelegatingConstructorAccessorImpl.java:45)\r\n\tat java.lang.reflect.Constructor.newInstance(Constructor.java:423)\r\n\tat org.openqa.selenium.remote.ErrorHandler.createThrowable(ErrorHandler.java:206)\r\n\tat org.openqa.selenium.remote.ErrorHandler.throwIfResponseFailed(ErrorHandler.java:158)\r\n\tat org.openqa.selenium.remote.RemoteWebDriver.execute(RemoteWebDriver.java:678)\r\n\tat org.openqa.selenium.remote.RemoteWebDriver.findElement(RemoteWebDriver.java:363)\r\n\tat org.openqa.selenium.remote.RemoteWebDriver.findElementByXPath(RemoteWebDriver.java:500)\r\n\tat org.openqa.selenium.By$ByXPath.findElement(By.java:361)\r\n\tat org.openqa.selenium.remote.RemoteWebDriver.findElement(RemoteWebDriver.java:355)\r\n\tat com.cucumber.framework.helper.PageObject.homepage.HomePage.navigateTo(HomePage.java:133)\r\n\tat com.cucumber.framework.stepdefinition.SearchStepDfn._i_click_on_the_something_search_filter(SearchStepDfn.java:38)\r\n\tat ✽.When : I click on the \"Mobile Phones\" search filter(featurefile/Search.feature:23)\r\nCaused by: org.openqa.selenium.remote.ScreenshotException: Screen shot has been taken\nBuild info: version: \u00272.53.1\u0027, revision: \u0027a36b8b1cd5757287168e54b817830adce9b0158d\u0027, time: \u00272016-06-30 19:26:09\u0027\nSystem info: host: \u0027Ajit-PC\u0027, ip: \u0027192.168.0.109\u0027, os.name: \u0027Windows 10\u0027, os.arch: \u0027amd64\u0027, os.version: \u002710.0\u0027, java.version: \u00271.8.0_131\u0027\nDriver info: driver.version: RemoteWebDriver\r\n\tat org.openqa.selenium.remote.ErrorHandler.throwIfResponseFailed(ErrorHandler.java:138)\r\n\tat org.openqa.selenium.remote.RemoteWebDriver.execute(RemoteWebDriver.java:678)\r\n\tat org.openqa.selenium.remote.RemoteWebDriver.findElement(RemoteWebDriver.java:363)\r\n\tat org.openqa.selenium.remote.RemoteWebDriver.findElementByXPath(RemoteWebDriver.java:500)\r\n\tat org.openqa.selenium.By$ByXPath.findElement(By.java:361)\r\n\tat org.openqa.selenium.remote.RemoteWebDriver.findElement(RemoteWebDriver.java:355)\r\n\tat com.cucumber.framework.helper.PageObject.homepage.HomePage.navigateTo(HomePage.java:133)\r\n\tat com.cucumber.framework.stepdefinition.SearchStepDfn._i_click_on_the_something_search_filter(SearchStepDfn.java:38)\r\n\tat sun.reflect.NativeMethodAccessorImpl.invoke0(Native Method)\r\n\tat sun.reflect.NativeMethodAccessorImpl.invoke(NativeMethodAccessorImpl.java:62)\r\n\tat sun.reflect.DelegatingMethodAccessorImpl.invoke(DelegatingMethodAccessorImpl.java:43)\r\n\tat java.lang.reflect.Method.invoke(Method.java:498)\r\n\tat cucumber.runtime.Utils$1.call(Utils.java:37)\r\n\tat cucumber.runtime.Timeout.timeout(Timeout.java:13)\r\n\tat cucumber.runtime.Utils.invoke(Utils.java:31)\r\n\tat cucumber.runtime.java.JavaStepDefinition.execute(JavaStepDefinition.java:38)\r\n\tat cucumber.runtime.StepDefinitionMatch.runStep(StepDefinitionMatch.java:37)\r\n\tat cucumber.runtime.Runtime.runStep(Runtime.java:299)\r\n\tat cucumber.runtime.model.StepContainer.runStep(StepContainer.java:44)\r\n\tat cucumber.runtime.model.StepContainer.runSteps(StepContainer.java:39)\r\n\tat cucumber.runtime.model.CucumberScenario.run(CucumberScenario.java:44)\r\n\tat cucumber.runtime.model.CucumberFeature.run(CucumberFeature.java:165)\r\n\tat cucumber.api.testng.TestNGCucumberRunner.runCucumber(TestNGCucumberRunner.java:63)\r\n\tat cucumber.api.testng.AbstractTestNGCucumberTests.feature(AbstractTestNGCucumberTests.java:21)\r\n\tat sun.reflect.NativeMethodAccessorImpl.invoke0(Native Method)\r\n\tat sun.reflect.NativeMethodAccessorImpl.invoke(NativeMethodAccessorImpl.java:62)\r\n\tat sun.reflect.DelegatingMethodAccessorImpl.invoke(DelegatingMethodAccessorImpl.java:43)\r\n\tat java.lang.reflect.Method.invoke(Method.java:498)\r\n\tat org.testng.internal.MethodInvocationHelper.invokeMethod(MethodInvocationHelper.java:86)\r\n\tat org.testng.internal.Invoker.invokeMethod(Invoker.java:643)\r\n\tat org.testng.internal.Invoker.invokeTestMethod(Invoker.java:820)\r\n\tat org.testng.internal.Invoker.invokeTestMethods(Invoker.java:1128)\r\n\tat org.testng.internal.TestMethodWorker.invokeTestMethods(TestMethodWorker.java:129)\r\n\tat org.testng.internal.TestMethodWorker.run(TestMethodWorker.java:112)\r\n\tat org.testng.TestRunner.privateRun(TestRunner.java:782)\r\n\tat org.testng.TestRunner.run(TestRunner.java:632)\r\n\tat org.testng.SuiteRunner.runTest(SuiteRunner.java:366)\r\n\tat org.testng.SuiteRunner.runSequentially(SuiteRunner.java:361)\r\n\tat org.testng.SuiteRunner.privateRun(SuiteRunner.java:319)\r\n\tat org.testng.SuiteRunner.run(SuiteRunner.java:268)\r\n\tat org.testng.SuiteRunnerWorker.runSuite(SuiteRunnerWorker.java:52)\r\n\tat org.testng.SuiteRunnerWorker.run(SuiteRunnerWorker.java:86)\r\n\tat org.testng.TestNG.runSuitesSequentially(TestNG.java:1244)\r\n\tat org.testng.TestNG.runSuitesLocally(TestNG.java:1169)\r\n\tat org.testng.TestNG.run(TestNG.java:1064)\r\n\tat org.apache.maven.surefire.testng.TestNGExecutor.run(TestNGExecutor.java:281)\r\n\tat org.apache.maven.surefire.testng.TestNGXmlTestSuite.execute(TestNGXmlTestSuite.java:75)\r\n\tat org.apache.maven.surefire.testng.TestNGProvider.invoke(TestNGProvider.java:121)\r\n\tat org.apache.maven.surefire.booter.ForkedBooter.invokeProviderInSameClassLoader(ForkedBooter.java:290)\r\n\tat org.apache.maven.surefire.booter.ForkedBooter.runSuitesInProcess(ForkedBooter.java:242)\r\n\tat org.apache.maven.surefire.booter.ForkedBooter.main(ForkedBooter.java:121)\r\nCaused by: org.openqa.selenium.NoSuchElementException: {\"errorMessage\":\"Unable to find element with xpath \u0027//div[@id\u003d\u0027main-nav\u0027]//a[text()\u003d\u0027Mobile Phones\u0027]\u0027\",\"request\":{\"headers\":{\"Accept-Encoding\":\"gzip,deflate\",\"Connection\":\"Keep-Alive\",\"Content-Length\":\"76\",\"Content-Type\":\"application/json; charset\u003dutf-8\",\"Host\":\"localhost:12290\",\"User-Agent\":\"Apache-HttpClient/4.5.1 (Java/1.8.0_131)\"},\"httpVersion\":\"1.1\",\"method\":\"POST\",\"post\":\"{\\\"using\\\":\\\"xpath\\\",\\\"value\\\":\\\"//div[@id\u003d\u0027main-nav\u0027]//a[text()\u003d\u0027Mobile Phones\u0027]\\\"}\",\"url\":\"/element\",\"urlParsed\":{\"anchor\":\"\",\"query\":\"\",\"file\":\"element\",\"directory\":\"/\",\"path\":\"/element\",\"relative\":\"/element\",\"port\":\"\",\"host\":\"\",\"password\":\"\",\"user\":\"\",\"userInfo\":\"\",\"authority\":\"\",\"protocol\":\"\",\"source\":\"/element\",\"queryKey\":{},\"chunks\":[\"element\"]},\"urlOriginal\":\"/session/18e13280-26e8-11e8-bcd5-8f7874271113/element\"}}\nFor documentation on this error, please visit: http://seleniumhq.org/exceptions/no_such_element.html\nBuild info: version: \u00272.53.1\u0027, revision: \u0027a36b8b1cd5757287168e54b817830adce9b0158d\u0027, time: \u00272016-06-30 19:26:09\u0027\nSystem info: host: \u0027Ajit-PC\u0027, ip: \u0027192.168.0.109\u0027, os.name: \u0027Windows 10\u0027, os.arch: \u0027amd64\u0027, os.version: \u002710.0\u0027, java.version: \u00271.8.0_131\u0027\nDriver info: driver.version: unknown\r\n",
              "status": "failed"
            },
            "line": 23,
            "name": ": I click on the \"Mobile Phones\" search filter",
            "match": {
              "arguments": [
                {
                  "val": "Mobile Phones",
                  "offset": 18
                }
              ],
              "location": "SearchStepDfn._i_click_on_the_something_search_filter(String)"
            },
            "keyword": "When "
          },
          {
            "result": {
              "status": "skipped"
            },
            "line": 24,
            "name": ": I should be at the \"Mobile Phones\" search page with \"33 items\"",
            "match": {
              "arguments": [
                {
                  "val": "Mobile Phones",
                  "offset": 22
                },
                {
                  "val": "33 items",
                  "offset": 55
                }
              ],
              "location": "SearchStepDfn._i_should_be_at_the_something_search_page_with_something(String,String)"
            },
            "keyword": "Then "
          },
          {
            "result": {
              "status": "skipped"
            },
            "output": [
              "C:\\Users\\Ajit\\git\\SeleniumCucumber\\target\\test-classes\\screenshots\\_2018-03-13\\Search based on Mobile Phones.jpg"
            ],
            "line": 25,
            "name": ": The title should be \"Mobile Phones\" search page",
            "match": {
              "arguments": [
                {
                  "val": "Mobile Phones",
                  "offset": 23
                }
              ],
              "location": "SearchStepDfn._the_title_should_be_something_search_page(String)"
            },
            "keyword": "And "
          }
        ]
      },
      {
        "before": [
          {
            "result": {
              "duration": 16040825202,
              "status": "passed"
            },
            "match": {
              "location": "InitializeWebDrive.before()"
            }
          }
        ],
        "line": 27,
        "name": "Search based on Books",
        "description": "",
        "id": "search-feature-of-the-web-page;search-based-on-books",
        "after": [
          {
            "result": {
              "duration": 918973291,
              "status": "passed"
            },
            "match": {
              "location": "InitializeWebDrive.after(Scenario)"
            }
          }
        ],
        "type": "scenario",
        "keyword": "Scenario",
        "steps": [
          {
            "result": {
              "duration": 1161217108,
              "status": "passed"
            },
            "line": 28,
            "name": ": I am at the home page",
            "match": {
              "location": "SearchStepDfn._i_am_at_the_home_page()"
            },
            "keyword": "Given "
          },
          {
            "result": {
              "duration": 2260254603,
              "error_message": "org.openqa.selenium.NoSuchElementException: {\"errorMessage\":\"Unable to find element with xpath \u0027//div[@id\u003d\u0027main-nav\u0027]//a[text()\u003d\u0027Books - Children\u0027]\u0027\",\"request\":{\"headers\":{\"Accept-Encoding\":\"gzip,deflate\",\"Connection\":\"Keep-Alive\",\"Content-Length\":\"79\",\"Content-Type\":\"application/json; charset\u003dutf-8\",\"Host\":\"localhost:37783\",\"User-Agent\":\"Apache-HttpClient/4.5.1 (Java/1.8.0_131)\"},\"httpVersion\":\"1.1\",\"method\":\"POST\",\"post\":\"{\\\"using\\\":\\\"xpath\\\",\\\"value\\\":\\\"//div[@id\u003d\u0027main-nav\u0027]//a[text()\u003d\u0027Books - Children\u0027]\\\"}\",\"url\":\"/element\",\"urlParsed\":{\"anchor\":\"\",\"query\":\"\",\"file\":\"element\",\"directory\":\"/\",\"path\":\"/element\",\"relative\":\"/element\",\"port\":\"\",\"host\":\"\",\"password\":\"\",\"user\":\"\",\"userInfo\":\"\",\"authority\":\"\",\"protocol\":\"\",\"source\":\"/element\",\"queryKey\":{},\"chunks\":[\"element\"]},\"urlOriginal\":\"/session/327c3870-26e8-11e8-8083-69474ac23d5b/element\"}}\nCommand duration or timeout: 2.26 seconds\nFor documentation on this error, please visit: http://seleniumhq.org/exceptions/no_such_element.html\nBuild info: version: \u00272.53.1\u0027, revision: \u0027a36b8b1cd5757287168e54b817830adce9b0158d\u0027, time: \u00272016-06-30 19:26:09\u0027\nSystem info: host: \u0027Ajit-PC\u0027, ip: \u0027192.168.0.109\u0027, os.name: \u0027Windows 10\u0027, os.arch: \u0027amd64\u0027, os.version: \u002710.0\u0027, java.version: \u00271.8.0_131\u0027\nDriver info: org.openqa.selenium.phantomjs.PhantomJSDriver\nCapabilities [{applicationCacheEnabled\u003dfalse, rotatable\u003dfalse, handlesAlerts\u003dfalse, databaseEnabled\u003dfalse, version\u003d2.1.1, platform\u003dXP, browserConnectionEnabled\u003dfalse, proxy\u003d{proxyType\u003ddirect}, nativeEvents\u003dtrue, acceptSslCerts\u003dfalse, driverVersion\u003d1.2.0, locationContextEnabled\u003dfalse, webStorageEnabled\u003dfalse, browserName\u003dphantomjs, takesScreenshot\u003dtrue, driverName\u003dghostdriver, javascriptEnabled\u003dtrue, cssSelectorsEnabled\u003dtrue}]\nSession ID: 327c3870-26e8-11e8-8083-69474ac23d5b\n*** Element info: {Using\u003dxpath, value\u003d//div[@id\u003d\u0027main-nav\u0027]//a[text()\u003d\u0027Books - Children\u0027]}\r\n\tat sun.reflect.NativeConstructorAccessorImpl.newInstance0(Native Method)\r\n\tat sun.reflect.NativeConstructorAccessorImpl.newInstance(NativeConstructorAccessorImpl.java:62)\r\n\tat sun.reflect.DelegatingConstructorAccessorImpl.newInstance(DelegatingConstructorAccessorImpl.java:45)\r\n\tat java.lang.reflect.Constructor.newInstance(Constructor.java:423)\r\n\tat org.openqa.selenium.remote.ErrorHandler.createThrowable(ErrorHandler.java:206)\r\n\tat org.openqa.selenium.remote.ErrorHandler.throwIfResponseFailed(ErrorHandler.java:158)\r\n\tat org.openqa.selenium.remote.RemoteWebDriver.execute(RemoteWebDriver.java:678)\r\n\tat org.openqa.selenium.remote.RemoteWebDriver.findElement(RemoteWebDriver.java:363)\r\n\tat org.openqa.selenium.remote.RemoteWebDriver.findElementByXPath(RemoteWebDriver.java:500)\r\n\tat org.openqa.selenium.By$ByXPath.findElement(By.java:361)\r\n\tat org.openqa.selenium.remote.RemoteWebDriver.findElement(RemoteWebDriver.java:355)\r\n\tat com.cucumber.framework.helper.PageObject.homepage.HomePage.navigateTo(HomePage.java:133)\r\n\tat com.cucumber.framework.stepdefinition.SearchStepDfn._i_click_on_the_something_search_filter(SearchStepDfn.java:38)\r\n\tat ✽.When : I click on the \"Books - Children\" search filter(featurefile/Search.feature:29)\r\nCaused by: org.openqa.selenium.remote.ScreenshotException: Screen shot has been taken\nBuild info: version: \u00272.53.1\u0027, revision: \u0027a36b8b1cd5757287168e54b817830adce9b0158d\u0027, time: \u00272016-06-30 19:26:09\u0027\nSystem info: host: \u0027Ajit-PC\u0027, ip: \u0027192.168.0.109\u0027, os.name: \u0027Windows 10\u0027, os.arch: \u0027amd64\u0027, os.version: \u002710.0\u0027, java.version: \u00271.8.0_131\u0027\nDriver info: driver.version: RemoteWebDriver\r\n\tat org.openqa.selenium.remote.ErrorHandler.throwIfResponseFailed(ErrorHandler.java:138)\r\n\tat org.openqa.selenium.remote.RemoteWebDriver.execute(RemoteWebDriver.java:678)\r\n\tat org.openqa.selenium.remote.RemoteWebDriver.findElement(RemoteWebDriver.java:363)\r\n\tat org.openqa.selenium.remote.RemoteWebDriver.findElementByXPath(RemoteWebDriver.java:500)\r\n\tat org.openqa.selenium.By$ByXPath.findElement(By.java:361)\r\n\tat org.openqa.selenium.remote.RemoteWebDriver.findElement(RemoteWebDriver.java:355)\r\n\tat com.cucumber.framework.helper.PageObject.homepage.HomePage.navigateTo(HomePage.java:133)\r\n\tat com.cucumber.framework.stepdefinition.SearchStepDfn._i_click_on_the_something_search_filter(SearchStepDfn.java:38)\r\n\tat sun.reflect.NativeMethodAccessorImpl.invoke0(Native Method)\r\n\tat sun.reflect.NativeMethodAccessorImpl.invoke(NativeMethodAccessorImpl.java:62)\r\n\tat sun.reflect.DelegatingMethodAccessorImpl.invoke(DelegatingMethodAccessorImpl.java:43)\r\n\tat java.lang.reflect.Method.invoke(Method.java:498)\r\n\tat cucumber.runtime.Utils$1.call(Utils.java:37)\r\n\tat cucumber.runtime.Timeout.timeout(Timeout.java:13)\r\n\tat cucumber.runtime.Utils.invoke(Utils.java:31)\r\n\tat cucumber.runtime.java.JavaStepDefinition.execute(JavaStepDefinition.java:38)\r\n\tat cucumber.runtime.StepDefinitionMatch.runStep(StepDefinitionMatch.java:37)\r\n\tat cucumber.runtime.Runtime.runStep(Runtime.java:299)\r\n\tat cucumber.runtime.model.StepContainer.runStep(StepContainer.java:44)\r\n\tat cucumber.runtime.model.StepContainer.runSteps(StepContainer.java:39)\r\n\tat cucumber.runtime.model.CucumberScenario.run(CucumberScenario.java:44)\r\n\tat cucumber.runtime.model.CucumberFeature.run(CucumberFeature.java:165)\r\n\tat cucumber.api.testng.TestNGCucumberRunner.runCucumber(TestNGCucumberRunner.java:63)\r\n\tat cucumber.api.testng.AbstractTestNGCucumberTests.feature(AbstractTestNGCucumberTests.java:21)\r\n\tat sun.reflect.NativeMethodAccessorImpl.invoke0(Native Method)\r\n\tat sun.reflect.NativeMethodAccessorImpl.invoke(NativeMethodAccessorImpl.java:62)\r\n\tat sun.reflect.DelegatingMethodAccessorImpl.invoke(DelegatingMethodAccessorImpl.java:43)\r\n\tat java.lang.reflect.Method.invoke(Method.java:498)\r\n\tat org.testng.internal.MethodInvocationHelper.invokeMethod(MethodInvocationHelper.java:86)\r\n\tat org.testng.internal.Invoker.invokeMethod(Invoker.java:643)\r\n\tat org.testng.internal.Invoker.invokeTestMethod(Invoker.java:820)\r\n\tat org.testng.internal.Invoker.invokeTestMethods(Invoker.java:1128)\r\n\tat org.testng.internal.TestMethodWorker.invokeTestMethods(TestMethodWorker.java:129)\r\n\tat org.testng.internal.TestMethodWorker.run(TestMethodWorker.java:112)\r\n\tat org.testng.TestRunner.privateRun(TestRunner.java:782)\r\n\tat org.testng.TestRunner.run(TestRunner.java:632)\r\n\tat org.testng.SuiteRunner.runTest(SuiteRunner.java:366)\r\n\tat org.testng.SuiteRunner.runSequentially(SuiteRunner.java:361)\r\n\tat org.testng.SuiteRunner.privateRun(SuiteRunner.java:319)\r\n\tat org.testng.SuiteRunner.run(SuiteRunner.java:268)\r\n\tat org.testng.SuiteRunnerWorker.runSuite(SuiteRunnerWorker.java:52)\r\n\tat org.testng.SuiteRunnerWorker.run(SuiteRunnerWorker.java:86)\r\n\tat org.testng.TestNG.runSuitesSequentially(TestNG.java:1244)\r\n\tat org.testng.TestNG.runSuitesLocally(TestNG.java:1169)\r\n\tat org.testng.TestNG.run(TestNG.java:1064)\r\n\tat org.apache.maven.surefire.testng.TestNGExecutor.run(TestNGExecutor.java:281)\r\n\tat org.apache.maven.surefire.testng.TestNGXmlTestSuite.execute(TestNGXmlTestSuite.java:75)\r\n\tat org.apache.maven.surefire.testng.TestNGProvider.invoke(TestNGProvider.java:121)\r\n\tat org.apache.maven.surefire.booter.ForkedBooter.invokeProviderInSameClassLoader(ForkedBooter.java:290)\r\n\tat org.apache.maven.surefire.booter.ForkedBooter.runSuitesInProcess(ForkedBooter.java:242)\r\n\tat org.apache.maven.surefire.booter.ForkedBooter.main(ForkedBooter.java:121)\r\nCaused by: org.openqa.selenium.NoSuchElementException: {\"errorMessage\":\"Unable to find element with xpath \u0027//div[@id\u003d\u0027main-nav\u0027]//a[text()\u003d\u0027Books - Children\u0027]\u0027\",\"request\":{\"headers\":{\"Accept-Encoding\":\"gzip,deflate\",\"Connection\":\"Keep-Alive\",\"Content-Length\":\"79\",\"Content-Type\":\"application/json; charset\u003dutf-8\",\"Host\":\"localhost:37783\",\"User-Agent\":\"Apache-HttpClient/4.5.1 (Java/1.8.0_131)\"},\"httpVersion\":\"1.1\",\"method\":\"POST\",\"post\":\"{\\\"using\\\":\\\"xpath\\\",\\\"value\\\":\\\"//div[@id\u003d\u0027main-nav\u0027]//a[text()\u003d\u0027Books - Children\u0027]\\\"}\",\"url\":\"/element\",\"urlParsed\":{\"anchor\":\"\",\"query\":\"\",\"file\":\"element\",\"directory\":\"/\",\"path\":\"/element\",\"relative\":\"/element\",\"port\":\"\",\"host\":\"\",\"password\":\"\",\"user\":\"\",\"userInfo\":\"\",\"authority\":\"\",\"protocol\":\"\",\"source\":\"/element\",\"queryKey\":{},\"chunks\":[\"element\"]},\"urlOriginal\":\"/session/327c3870-26e8-11e8-8083-69474ac23d5b/element\"}}\nFor documentation on this error, please visit: http://seleniumhq.org/exceptions/no_such_element.html\nBuild info: version: \u00272.53.1\u0027, revision: \u0027a36b8b1cd5757287168e54b817830adce9b0158d\u0027, time: \u00272016-06-30 19:26:09\u0027\nSystem info: host: \u0027Ajit-PC\u0027, ip: \u0027192.168.0.109\u0027, os.name: \u0027Windows 10\u0027, os.arch: \u0027amd64\u0027, os.version: \u002710.0\u0027, java.version: \u00271.8.0_131\u0027\nDriver info: driver.version: unknown\r\n",
              "status": "failed"
            },
            "line": 29,
            "name": ": I click on the \"Books - Children\" search filter",
            "match": {
              "arguments": [
                {
                  "val": "Books - Children",
                  "offset": 18
                }
              ],
              "location": "SearchStepDfn._i_click_on_the_something_search_filter(String)"
            },
            "keyword": "When "
          },
          {
            "result": {
              "status": "skipped"
            },
            "line": 30,
            "name": ": I should be at the \"Books - Children\" search page with \"11 items\"",
            "match": {
              "arguments": [
                {
                  "val": "Books - Children",
                  "offset": 22
                },
                {
                  "val": "11 items",
                  "offset": 58
                }
              ],
              "location": "SearchStepDfn._i_should_be_at_the_something_search_page_with_something(String,String)"
            },
            "keyword": "Then "
          },
          {
            "result": {
              "status": "skipped"
            },
            "output": [
              "C:\\Users\\Ajit\\git\\SeleniumCucumber\\target\\test-classes\\screenshots\\_2018-03-13\\Search based on Books.jpg"
            ],
            "line": 31,
            "name": ": The title should be \"Books - Children\" search page",
            "match": {
              "arguments": [
                {
                  "val": "Books - Children",
                  "offset": 23
                }
              ],
              "location": "SearchStepDfn._the_title_should_be_something_search_page(String)"
            },
            "keyword": "And "
          }
        ]
      }
    ],
    "name": "Search feature of the web page",
    "description": "",
    "id": "search-feature-of-the-web-page",
    "keyword": "Feature",
    "uri": "featurefile/Search.feature"
  }
]